time="2022-07-03T10:20:10+08:00" level=info msg="[Info] ctx &{{0xc0003b6000 -1 200} 0xc0001c0d00 0xc000398100 [] [0x1559d40 0x155ace0 0x16ef460] 2 / 0xc0003529c0 0xc000384030 0xc000384048 {{0 0} 0 0 0 0} map[]  [] map[] map[] 0} content xxxxx"
time="2022-07-03T10:20:20+08:00" level=info msg="[Info] ctx &{{0xc000116000 -1 200} 0xc000398300 0xc00011a000 [] [0x1559d40 0x155ace0 0x16ef460] 2 / 0xc0003529c0 0xc00000e018 0xc00000e030 {{0 0} 0 0 0 0} map[]  [] map[] map[] 0} content xxxxx"
time="2022-07-03T10:21:16+08:00" level=info msg="[Info] content xxxxx"
time="2022-07-03T10:21:16+08:00" level=info msg="[Info] content xxxxx"
time="2022-07-03T10:21:17+08:00" level=info msg="[Info] content xxxxx"
time="2022-07-03T10:21:17+08:00" level=info msg="[Info] content xxxxx"
time="2022-07-03T10:21:17+08:00" level=info msg="[Info] content xxxxx"
time="2022-07-03T10:21:18+08:00" level=info msg="[Info] content xxxxx"
time="2022-07-03T10:22:26+08:00" level=info msg="xxxxx%!(EXTRA []interface {}=[])"
time="2022-07-03T10:22:27+08:00" level=info msg="xxxxx%!(EXTRA []interface {}=[])"
time="2022-07-03T10:22:57+08:00" level=info msg="xxxxx%!(EXTRA []interface {}=[])"
time="2022-07-03T10:22:57+08:00" level=info msg="xxxxx%!(EXTRA []interface {}=[])"
time="2022-07-03T10:22:57+08:00" level=info msg="xxxxx%!(EXTRA []interface {}=[])"
time="2022-07-03T10:22:58+08:00" level=info msg="xxxxx%!(EXTRA []interface {}=[])"
time="2022-07-03T10:23:26+08:00" level=info msg="xxxxx [111]"
time="2022-07-03T10:23:26+08:00" level=info msg="xxxxx [111]"
time="2022-07-03T10:24:42+08:00" level=info msg="xxxxx %!v(MISSING)"
time="2022-07-03T10:24:43+08:00" level=info msg="xxxxx %!v(MISSING)"
time="2022-07-03T10:24:43+08:00" level=info msg="xxxxx %!v(MISSING)"
time="2022-07-03T10:24:43+08:00" level=info msg="xxxxx %!v(MISSING)"
time="2022-07-03T10:25:12+08:00" level=info msg="xxxxx %v"
time="2022-07-03T10:25:12+08:00" level=info msg="xxxxx %v"
time="2022-07-03T10:25:12+08:00" level=info msg="xxxxx %v"
time="2022-07-03T10:25:13+08:00" level=info msg="xxxxx %v"
time="2022-07-03T10:25:13+08:00" level=info msg="xxxxx %v"
time="2022-07-03T10:26:14+08:00" level=info msg="[Info] content xxxxx %v"
time="2022-07-03T10:26:14+08:00" level=info msg="[Info] content xxxxx %v"
time="2022-07-03T10:26:15+08:00" level=info msg="[Info] content xxxxx %v"
time="2022-07-03T10:26:15+08:00" level=info msg="[Info] content xxxxx %v"
time="2022-07-03T10:26:15+08:00" level=info msg="[Info] content xxxxx %v"
time="2022-07-03T10:26:16+08:00" level=info msg="[Info] content xxxxx %v"
time="2022-07-03T10:26:16+08:00" level=info msg="[Info] content xxxxx %v"
time="2022-07-03T10:26:59+08:00" level=info msg=xxxxx
time="2022-07-03T10:26:59+08:00" level=info msg=xxxxx
time="2022-07-03T10:27:00+08:00" level=info msg=xxxxx
time="2022-07-03T10:27:00+08:00" level=info msg=xxxxx
time="2022-07-03T10:29:57+08:00" level=info msg=xxxxx
time="2022-07-03T10:30:10+08:00" level=info msg="xlxj:XhbCpNsW8WpXMCGW@tcp(175.178.153.186:3306)/dbname?charset=utf8mb4&parseTime=True&loc=Local"
time="2022-07-03T10:30:25+08:00" level=error msg="err driver: bad connection"
time="2022-07-03T19:07:36+08:00" level=info msg="xlxj:XhbCpNsW8WpXMCGW@tcp(175.178.153.186:3306)/dbname?charset=utf8mb4&parseTime=True&loc=Local"
time="2022-07-03T19:07:36+08:00" level=error msg="err Error 1044: Access denied for user 'xlxj'@'%' to database 'dbname'"
time="2022-07-03T19:10:00+08:00" level=info msg="xlxj:XhbCpNsW8WpXMCGW@tcp(175.178.153.186:3306)/xlxj?charset=utf8mb4&parseTime=True&loc=Local"
time="2022-07-03T20:36:19+08:00" level=error msg="CreateUserSetting err &{0xc0000a4360 <nil> 1 0xc0003c2700 0}"
time="2022-07-03T20:37:47+08:00" level=error msg="UpdateUserSetting err &{0xc00023ebd0 WHERE conditions required 0 0xc0004c2700 0}"
time="2022-07-03T20:39:25+08:00" level=info msg="xxx err <nil>"
time="2022-07-03T20:39:25+08:00" level=error msg="UpdateUserSetting err &{0xc00039a360 <nil> 0 0xc0003081c0 0}"
time="2022-07-03T20:40:47+08:00" level=error msg="CreateUserSetting err &{0xc000114360 <nil> 1 0xc0003be700 0}"
time="2022-07-03T20:47:44+08:00" level=info msg="insertData &{0  0001-01-01 00:00:00 +0000 UTC 0001-01-01 00:00:00 +0000 UTC}"
time="2022-07-03T21:09:17+08:00" level=info msg="insertData &{2 22224 0001-01-01 00:00:00 +0000 UTC 0001-01-01 00:00:00 +0000 UTC}"
time="2022-07-03T21:09:39+08:00" level=info msg="insertData &{1 22225 0001-01-01 00:00:00 +0000 UTC 0001-01-01 00:00:00 +0000 UTC}"
time="2022-07-03T21:10:03+08:00" level=info msg="insertData &{2 22225 0001-01-01 00:00:00 +0000 UTC 0001-01-01 00:00:00 +0000 UTC}"
time="2022-07-03T21:11:27+08:00" level=info msg="insertData &{2 22225 0001-01-01 00:00:00 +0000 UTC 0001-01-01 00:00:00 +0000 UTC}"
time="2022-07-10T23:10:09+08:00" level=info msg=xxxxx
time="2022-07-10T23:37:19+08:00" level=info msg=xxxxx
time="2022-07-10T23:37:19+08:00" level=info
time="2022-07-10T23:37:24+08:00" level=info msg=xxxxx
time="2022-07-10T23:37:24+08:00" level=info
time="2022-07-10T23:37:26+08:00" level=info msg=xxxxx
time="2022-07-10T23:37:26+08:00" level=info
time="2022-07-10T23:37:42+08:00" level=info msg=xxxxx
time="2022-07-10T23:37:42+08:00" level=info
time="2022-07-10T23:38:00+08:00" level=info msg=xxxxx
time="2022-07-10T23:38:00+08:00" level=info
time="2022-07-10T23:38:06+08:00" level=info msg=xxxxx
time="2022-07-10T23:38:06+08:00" level=info
time="2022-07-10T23:38:07+08:00" level=info msg=xxxxx
time="2022-07-10T23:38:07+08:00" level=info
time="2022-07-10T23:38:08+08:00" level=info msg=xxxxx
time="2022-07-10T23:38:08+08:00" level=info
time="2022-07-10T23:39:46+08:00" level=info msg=xxxxx
time="2022-07-10T23:39:46+08:00" level=info
time="2022-07-10T23:40:46+08:00" level=info msg=xxxxx
time="2022-07-10T23:40:46+08:00" level=info
time="2022-07-10T23:40:51+08:00" level=info msg=xxxxx
time="2022-07-10T23:40:51+08:00" level=info
time="2022-07-11T23:54:37+08:00" level=error msg="cache init err Shards number must be power of two"
time="2022-07-11T23:55:51+08:00" level=info msg=xxxxx
time="2022-07-11T23:56:02+08:00" level=info msg=xxxxx
time="2022-07-12T00:05:22+08:00" level=info msg=xxxxx
time="2022-07-12T00:05:27+08:00" level=info msg=xxxxx
time="2022-07-12T00:07:04+08:00" level=info msg=xxxxx
time="2022-07-12T00:07:10+08:00" level=info msg=xxxxx
time="2022-07-12T00:07:16+08:00" level=info msg=xxxxx
time="2022-07-17T23:11:47+08:00" level=error msg="CreateUser err Error 1054: Unknown column 'user_id' in 'field list'"
time="2022-07-17T23:11:47+08:00" level=error msg="createUser insert err insert err"
time="2022-07-17T23:26:44+08:00" level=error msg="wxUserMiddleware err Entry not found openID "
time="2022-07-17T23:26:44+08:00" level=info msg=xxxxx
time="2022-07-17T23:28:28+08:00" level=error msg="wxUserMiddleware err Entry not found openID "
time="2022-07-18T22:49:03+08:00" level=error msg="CreateUser err Error 1054: Unknown column 'union_id' in 'field list'"
time="2022-07-18T22:49:03+08:00" level=error msg="createUser insert err insert err"
time="2022-07-18T22:49:14+08:00" level=error msg="wxUserMiddleware err Entry not found openID "
time="2022-07-18T22:58:05+08:00" level=error msg="createUser get err insert err"
time="2022-07-18T23:00:17+08:00" level=error msg="CreateOrUpdateUser err Error 1136: Column count doesn't match value count at row 1"
time="2022-07-18T23:00:17+08:00" level=error msg="createUser get err insert err"
time="2022-07-18T23:02:08+08:00" level=error msg="CreateOrUpdateUser err sql: converting argument $1 type: unsupported type []string, a slice of string"
time="2022-07-18T23:02:08+08:00" level=error msg="createUser get err insert err"
time="2022-07-18T23:11:13+08:00" level=error msg="wxUserMiddleware err token 0tmNP/BVlUkLYNi2K7bdhw==1"
time="2022-07-18T23:11:42+08:00" level=error msg="wxUserMiddleware err token 0tmNP/BVlUkLYNi2K7bdhw==1"
time="2022-07-18T23:11:42+08:00" level=info msg=xxxxx
time="2022-07-18T23:14:56+08:00" level=error msg="wxUserMiddleware err token 0tmNP/BVlUkLYNi2K7bdhw==1"
time="2022-07-18T23:15:03+08:00" level=error msg="wxUserMiddleware err token 0tmNP/BVlUkLYNi2K7bdhw==1"
time="2022-07-18T23:15:13+08:00" level=error msg="wxUserMiddleware err token 0tmNP/BVlUkLYNi2K7bdhw==1"
time="2022-07-18T23:16:11+08:00" level=error msg="wxUserMiddleware err token 0tmNP/BVlUkLYNi2K7bdhw==1"
time="2022-07-18T23:31:51+08:00" level=error msg="wxUserMiddleware err token 0131bzll2Nkfy94iv9ll2Pt0Ku01bzld"
time="2022-07-18T23:32:18+08:00" level=error msg="wxUserMiddleware err token i oPwpqd02Zib02puLQLJw=="
time="2022-07-18T23:32:23+08:00" level=error msg="wxUserMiddleware err token i oPwpqd02Zib02puLQLJw=="
time="2022-07-18T23:32:35+08:00" level=error msg="wxUserMiddleware err token i oPwpqd02Zib02puLQLJw=="
time="2022-07-18T23:39:40+08:00" level=error msg="wxUserMiddleware err token "
time="2022-07-18T23:40:26+08:00" level=error msg="wxUserMiddleware err token "
time="2022-07-18T23:41:15+08:00" level=error msg="wxUserMiddleware err token "
time="2022-07-18T23:41:41+08:00" level=error msg="wxUserMiddleware err token "
time="2022-07-18T23:41:43+08:00" level=error msg="wxUserMiddleware err token "
time="2022-08-02T22:09:00+08:00" level=error msg="wxUserMiddleware err token w8UxepRYQF1eGehvwEiyWQ=="
time="2022-08-02T22:09:03+08:00" level=error msg="wxUserMiddleware err token w8UxepRYQF1eGehvwEiyWQ=="
time="2022-08-02T22:22:43+08:00" level=error msg="wxUserMiddleware err token w8UxepRYQF1eGehvwEiyWQ=="
